SF:lib\features\batch\domain\entity\batch_entity.dart
DA:7,2
DA:12,1
DA:15,0
DA:16,0
LF:4
LH:2
end_of_record
SF:lib\features\batch\domain\use_case\create_batch_usecase.dart
DA:12,0
DA:15,1
DA:17,0
DA:18,0
DA:24,1
DA:26,1
DA:28,2
DA:29,1
DA:30,1
LF:9
LH:6
end_of_record
SF:lib\core\error\failure.dart
DA:6,0
DA:8,0
DA:9,0
DA:13,0
DA:18,0
DA:25,0
LF:6
LH:0
end_of_record
SF:lib\features\batch\domain\use_case\delete_batch_usecase.dart
DA:11,0
DA:13,0
DA:15,0
DA:16,0
DA:17,0
DA:25,0
DA:30,0
DA:33,0
DA:34,0
DA:35,0
DA:36,0
DA:37,0
LF:12
LH:0
end_of_record
SF:lib\app\shared_prefs\token_shared_prefs.dart
DA:9,0
DA:11,0
DA:13,0
DA:14,0
DA:16,0
DA:20,0
DA:22,0
DA:23,0
DA:25,0
LF:9
LH:0
end_of_record
SF:lib\features\batch\domain\use_case\get_all_batch_usecase.dart
DA:11,1
DA:13,1
DA:15,2
LF:3
LH:3
end_of_record
